[seq] loading raw history…
[seq] 2,100,000 train ids, 900,000 test ids; device=mps; pos rate 0.0355
[seq] fold 0 epoch 0: val_auc=0.76982
[seq] fold 0 epoch 1: val_auc=0.77604
[seq] fold 0 epoch 2: val_auc=0.77794
[seq] fold 0 epoch 3: val_auc=0.78068
[seq] fold 0 epoch 4: val_auc=0.78072
[seq] fold 0 epoch 5: val_auc=0.77990
[seq] fold 0 epoch 6: val_auc=0.77924
[seq] fold 0: best val_auc=0.78072
[seq] fold 1 epoch 0: val_auc=0.77459
[seq] fold 1 epoch 1: val_auc=0.77941
[seq] fold 1 epoch 2: val_auc=0.78129
[seq] fold 1 epoch 3: val_auc=0.78349
[seq] fold 1 epoch 4: val_auc=0.78375
[seq] fold 1 epoch 5: val_auc=0.78452
[seq] fold 1 epoch 6: val_auc=0.78217
[seq] fold 1 epoch 7: val_auc=0.78338
[seq] fold 1: best val_auc=0.78452
[seq] fold 2 epoch 0: val_auc=0.76716
[seq] fold 2 epoch 1: val_auc=0.77332
[seq] fold 2 epoch 2: val_auc=0.77607
[seq] fold 2 epoch 3: val_auc=0.77723
[seq] fold 2 epoch 4: val_auc=0.77814
[seq] fold 2 epoch 5: val_auc=0.77867
[seq] fold 2 epoch 6: val_auc=0.77794
[seq] fold 2 epoch 7: val_auc=0.77547
[seq] fold 2: best val_auc=0.77867
[seq] fold 3 epoch 0: val_auc=0.76865
[seq] fold 3 epoch 1: val_auc=0.77381
[seq] fold 3 epoch 2: val_auc=0.77482
[seq] fold 3 epoch 3: val_auc=0.77634
[seq] fold 3 epoch 4: val_auc=0.77726
[seq] fold 3 epoch 5: val_auc=0.77744
[seq] fold 3 epoch 6: val_auc=0.77580
[seq] fold 3 epoch 7: val_auc=0.77590
[seq] fold 3: best val_auc=0.77744
[seq] fold 4 epoch 0: val_auc=0.76973
[seq] fold 4 epoch 1: val_auc=0.77469
[seq] fold 4 epoch 2: val_auc=0.77869
[seq] fold 4 epoch 3: val_auc=0.78000
[seq] fold 4 epoch 4: val_auc=0.78133
[seq] fold 4 epoch 5: val_auc=0.78083
[seq] fold 4 epoch 6: val_auc=0.78047
[seq] fold 4: best val_auc=0.78133
[seq] OOF ROC-AUC=0.77982  PR-AUC=0.12633  fold mean±std=0.78054±0.00243
[seq] run_id=20260619_073439_sequence_emb_bigru  artifacts in /Users/bobrsubr/PycharmProjects/_researches/credit-default-prediction/artifacts/20260619_073439_sequence_emb_bigru
