[seq] loading raw history…
[seq] 2,100,000 train ids, 900,000 test ids; device=mps; pos rate 0.0355
[seq] fold 0 epoch 0: val_auc=0.74352
[seq] fold 0 epoch 1: val_auc=0.74888
[seq] fold 0 epoch 2: val_auc=0.75221
[seq] fold 0 epoch 3: val_auc=0.75321
[seq] fold 0 epoch 4: val_auc=0.74917
[seq] fold 0 epoch 5: val_auc=0.75279
[seq] fold 0: best val_auc=0.75321
[seq] fold 1 epoch 0: val_auc=0.74640
[seq] fold 1 epoch 1: val_auc=0.75313
[seq] fold 1 epoch 2: val_auc=0.75544
[seq] fold 1 epoch 3: val_auc=0.75588
[seq] fold 1 epoch 4: val_auc=0.75676
[seq] fold 1 epoch 5: val_auc=0.75557
[seq] fold 1: best val_auc=0.75676
[seq] fold 2 epoch 0: val_auc=0.74990
[seq] fold 2 epoch 1: val_auc=0.75491
[seq] fold 2 epoch 2: val_auc=0.75687
[seq] fold 2 epoch 3: val_auc=0.75589
[seq] fold 2 epoch 4: val_auc=0.75354
[seq] fold 2: best val_auc=0.75687
[seq] fold 3 epoch 0: val_auc=0.74570
[seq] fold 3 epoch 1: val_auc=0.75126
[seq] fold 3 epoch 2: val_auc=0.75373
[seq] fold 3 epoch 3: val_auc=0.75533
[seq] fold 3 epoch 4: val_auc=0.75495
[seq] fold 3 epoch 5: val_auc=0.75303
[seq] fold 3: best val_auc=0.75533
[seq] fold 4 epoch 0: val_auc=0.74760
[seq] fold 4 epoch 1: val_auc=0.75248
[seq] fold 4 epoch 2: val_auc=0.75106
[seq] fold 4 epoch 3: val_auc=0.75333
[seq] fold 4 epoch 4: val_auc=0.75303
[seq] fold 4 epoch 5: val_auc=0.75405
[seq] fold 4: best val_auc=0.75405
[seq] OOF ROC-AUC=0.75469  PR-AUC=0.10762  fold mean±std=0.75524±0.00145
[seq] run_id=20260618_204844_sequence_gru  artifacts in /Users/bobrsubr/PycharmProjects/_researches/credit-default-prediction/artifacts/20260618_204844_sequence_gru
