[seq] loading raw history…
[seq] 2,100,000 train ids, 900,000 test ids; device=mps; pos rate 0.0355
[seq] fold 0 epoch 0: val_auc=0.76702
[seq] fold 0 epoch 1: val_auc=0.77651
[seq] fold 0 epoch 2: val_auc=0.77894
[seq] fold 0 epoch 3: val_auc=0.78105
[seq] fold 0 epoch 4: val_auc=0.77986
[seq] fold 0 epoch 5: val_auc=0.77817
[seq] fold 0: best val_auc=0.78105
[seq] fold 1 epoch 0: val_auc=0.77580
[seq] fold 1 epoch 1: val_auc=0.78120
[seq] fold 1 epoch 2: val_auc=0.78270
[seq] fold 1 epoch 3: val_auc=0.78360
[seq] fold 1 epoch 4: val_auc=0.78289
[seq] fold 1 epoch 5: val_auc=0.77996
[seq] fold 1: best val_auc=0.78360
[seq] fold 2 epoch 0: val_auc=0.76825
[seq] fold 2 epoch 1: val_auc=0.77186
[seq] fold 2 epoch 2: val_auc=0.77655
[seq] fold 2 epoch 3: val_auc=0.77742
[seq] fold 2 epoch 4: val_auc=0.77879
[seq] fold 2 epoch 5: val_auc=0.77704
[seq] fold 2 epoch 6: val_auc=0.77198
[seq] fold 2: best val_auc=0.77879
[seq] fold 3 epoch 0: val_auc=0.76906
[seq] fold 3 epoch 1: val_auc=0.77487
[seq] fold 3 epoch 2: val_auc=0.77520
[seq] fold 3 epoch 3: val_auc=0.77714
[seq] fold 3 epoch 4: val_auc=0.77621
[seq] fold 3 epoch 5: val_auc=0.77596
[seq] fold 3: best val_auc=0.77714
[seq] fold 4 epoch 0: val_auc=0.77021
[seq] fold 4 epoch 1: val_auc=0.77701
[seq] fold 4 epoch 2: val_auc=0.77926
[seq] fold 4 epoch 3: val_auc=0.78105
[seq] fold 4 epoch 4: val_auc=0.78137
[seq] fold 4 epoch 5: val_auc=0.77911
[seq] fold 4 epoch 6: val_auc=0.77671
[seq] fold 4: best val_auc=0.78137
[seq] OOF ROC-AUC=0.77878  PR-AUC=0.12332  fold mean±std=0.78039±0.00223
[seq] run_id=20260619_125622_sequence_emb_attn  artifacts in /Users/bobrsubr/PycharmProjects/_researches/credit-default-prediction/artifacts/20260619_125622_sequence_emb_attn
